<?xml version="1.0" encoding="UTF-8"?>
<!-- Generated by org.testng.reporters.JUnitReportReporter -->
<testsuite skipped="0" hostname="DESKTOP-N90JU11" name="Selenium.Getoptions" tests="2" failures="0" timestamp="2019-11-28T20:41:53 IST" time="1.620" errors="0">
  <testcase name="Go" time="1.010" classname="Selenium.Getoptions"/>
  <testcase name="validation" time="0.610" classname="Selenium.Getoptions"/>
</testsuite> <!-- Selenium.Getoptions -->
