<?xml version="1.0" encoding="UTF-8"?>
<!-- Generated by org.testng.reporters.JUnitReportReporter -->
<testsuite skipped="0" hostname="DESKTOP-N90JU11" name="Selenium.Datadriven" tests="1" failures="0" timestamp="2019-11-28T10:10:55 IST" time="34.966" errors="0">
  <testcase name="Login" time="34.966" classname="Selenium.Datadriven"/>
</testsuite> <!-- Selenium.Datadriven -->
