<?xml version="1.0" encoding="UTF-8"?>
<!-- Generated by org.testng.reporters.JUnitReportReporter -->
<testsuite skipped="0" hostname="DESKTOP-N90JU11" name="Selenium.Infocmd" tests="2" failures="0" timestamp="2019-11-27T11:29:33 IST" time="0.986" errors="0">
  <testcase name="gtext" time="0.720" classname="Selenium.Infocmd"/>
  <testcase name="gatt" time="0.266" classname="Selenium.Infocmd"/>
</testsuite> <!-- Selenium.Infocmd -->
