<?xml version="1.0" encoding="UTF-8"?>
<!-- Generated by org.testng.reporters.JUnitReportReporter -->
<testsuite skipped="0" hostname="DESKTOP-N90JU11" name="Selenium.Screenshot" tests="1" failures="0" timestamp="2019-12-09T11:57:54 IST" time="4.110" errors="0">
  <testcase name="f" time="4.110" classname="Selenium.Screenshot"/>
</testsuite> <!-- Selenium.Screenshot -->
