<?xml version="1.0" encoding="UTF-8"?>
<!-- Generated by org.testng.reporters.JUnitReportReporter -->
<testsuite skipped="0" hostname="DESKTOP-N90JU11" name="Selenium.Popup" tests="3" failures="0" timestamp="2019-11-28T20:34:24 IST" time="20.310" errors="0">
  <testcase name="Login" time="6.617" classname="Selenium.Popup"/>
  <testcase name="Pop" time="9.970" classname="Selenium.Popup"/>
  <testcase name="Logout" time="3.723" classname="Selenium.Popup"/>
</testsuite> <!-- Selenium.Popup -->
